Using pre-set license
Built from '2022.1/staging' branch; Version is '2022.1.2f1 (9427c1534183) revision 9709505'; Using compiler version '192829333'; Build Type 'Release'
OS: 'Windows 10  (10.0.19044) 64bit Professional' Language: 'fr' Physical Memory: 32665 MB
BatchMode: 1, IsHumanControllingUs: 0, StartBugReporterOnCrash: 0, Is64bit: 1, IsPro: 1

COMMAND LINE ARGUMENTS:
C:\Program Files\Unity\Hub\Editor\2022.1.2f1\Editor\Unity.exe
-adb2
-batchMode
-noUpm
-name
AssetImportWorker1
-projectPath
D:/Users/Antoine/Downloads/PFE-VR
-logFile
Logs/AssetImportWorker1.log
-srvPort
50940
Successfully changed project path to: D:/Users/Antoine/Downloads/PFE-VR
D:/Users/Antoine/Downloads/PFE-VR
[UnityMemory] Configuration Parameters - Can be set up in boot.config
    "memorysetup-bucket-allocator-granularity=16"
    "memorysetup-bucket-allocator-bucket-count=8"
    "memorysetup-bucket-allocator-block-size=33554432"
    "memorysetup-bucket-allocator-block-count=8"
    "memorysetup-main-allocator-block-size=16777216"
    "memorysetup-thread-allocator-block-size=16777216"
    "memorysetup-gfx-main-allocator-block-size=16777216"
    "memorysetup-gfx-thread-allocator-block-size=16777216"
    "memorysetup-cache-allocator-block-size=4194304"
    "memorysetup-typetree-allocator-block-size=2097152"
    "memorysetup-profiler-bucket-allocator-granularity=16"
    "memorysetup-profiler-bucket-allocator-bucket-count=8"
    "memorysetup-profiler-bucket-allocator-block-size=33554432"
    "memorysetup-profiler-bucket-allocator-block-count=8"
    "memorysetup-profiler-allocator-block-size=16777216"
    "memorysetup-profiler-editor-allocator-block-size=1048576"
    "memorysetup-temp-allocator-size-main=16777216"
    "memorysetup-job-temp-allocator-block-size=2097152"
    "memorysetup-job-temp-allocator-block-size-background=1048576"
    "memorysetup-job-temp-allocator-reduction-small-platforms=262144"
    "memorysetup-temp-allocator-size-background-worker=32768"
    "memorysetup-temp-allocator-size-job-worker=262144"
    "memorysetup-temp-allocator-size-preload-manager=33554432"
    "memorysetup-temp-allocator-size-nav-mesh-worker=65536"
    "memorysetup-temp-allocator-size-audio-worker=65536"
    "memorysetup-temp-allocator-size-cloud-worker=32768"
    "memorysetup-temp-allocator-size-gi-baking-worker=262144"
    "memorysetup-temp-allocator-size-gfx=262144"
Refreshing native plugins compatible for Editor in 31.15 ms, found 2 plugins.
Preloading 0 native plugins for Editor in 0.00 ms.
Initialize engine version: 2022.1.2f1 (9427c1534183)
[Subsystems] Discovering subsystems at path C:/Program Files/Unity/Hub/Editor/2022.1.2f1/Editor/Data/Resources/UnitySubsystems
[Subsystems] Discovering subsystems at path D:/Users/Antoine/Downloads/PFE-VR/Assets
GfxDevice: creating device client; threaded=0; jobified=0
Direct3D:
    Version:  Direct3D 11.0 [level 11.1]
    Renderer: NVIDIA GeForce RTX 3070 Ti (ID=0x2482)
    Vendor:   NVIDIA
    VRAM:     8041 MB
    Driver:   31.0.15.1659
Initialize mono
Mono path[0] = 'C:/Program Files/Unity/Hub/Editor/2022.1.2f1/Editor/Data/Managed'
Mono path[1] = 'C:/Program Files/Unity/Hub/Editor/2022.1.2f1/Editor/Data/MonoBleedingEdge/lib/mono/unityjit-win32'
Mono config path = 'C:/Program Files/Unity/Hub/Editor/2022.1.2f1/Editor/Data/MonoBleedingEdge/etc'
Using monoOptions --debugger-agent=transport=dt_socket,embedding=1,server=y,suspend=n,address=127.0.0.1:56384
Begin MonoManager ReloadAssembly
Registering precompiled unity dll's ...
Register platform support module: C:/Program Files/Unity/Hub/Editor/2022.1.2f1/Editor/Data/PlaybackEngines/AndroidPlayer/UnityEditor.Android.Extensions.dll
Register platform support module: C:/Program Files/Unity/Hub/Editor/2022.1.2f1/Editor/Data/PlaybackEngines/WindowsStandaloneSupport/UnityEditor.WindowsStandalone.Extensions.dll
Registered in 0.005817 seconds.
Native extension for WindowsStandalone target not found
Native extension for Android target not found
Refreshing native plugins compatible for Editor in 30.69 ms, found 2 plugins.
Preloading 0 native plugins for Editor in 0.00 ms.
Mono: successfully reloaded assembly
- Completed reload, in  0.514 seconds
Domain Reload Profiling:
	ReloadAssembly (514ms)
		BeginReloadAssembly (62ms)
			ExecutionOrderSort (0ms)
			DisableScriptedObjects (0ms)
			BackupInstance (0ms)
			ReleaseScriptingObjects (0ms)
			CreateAndSetChildDomain (1ms)
		EndReloadAssembly (368ms)
			LoadAssemblies (60ms)
			RebuildTransferFunctionScriptingTraits (0ms)
			SetupTypeCache (91ms)
				TypeCache.Initialize (90ms)
					TypeCache.ScanAssembly (89ms)
				ResolveRequiredComponents (0ms)
			ReleaseScriptCaches (0ms)
			RebuildScriptCaches (26ms)
			SetupLoadedEditorAssemblies (209ms)
				LogAssemblyErrors (0ms)
				InitializePlatformSupportModulesInManaged (47ms)
				SetLoadedEditorAssemblies (7ms)
				RefreshPlugins (31ms)
				BeforeProcessingInitializeOnLoad (1ms)
				ProcessInitializeOnLoadAttributes (84ms)
				ProcessInitializeOnLoadMethodAttributes (40ms)
				AfterProcessingInitializeOnLoad (0ms)
				EditorAssembliesLoaded (0ms)
			ExecutionOrderSort2 (0ms)
			AwakeInstancesAfterBackupRestoration (0ms)
Platform modules already initialized, skipping
Registering precompiled user dll's ...
Registered in 0.002751 seconds.
Begin MonoManager ReloadAssembly
Native extension for WindowsStandalone target not found
Native extension for Android target not found
Refreshing native plugins compatible for Editor in 0.41 ms, found 2 plugins.
Preloading 0 native plugins for Editor in 0.00 ms.
Mono: successfully reloaded assembly
- Completed reload, in  0.874 seconds
Domain Reload Profiling:
	ReloadAssembly (874ms)
		BeginReloadAssembly (207ms)
			ExecutionOrderSort (0ms)
			DisableScriptedObjects (4ms)
			BackupInstance (0ms)
			ReleaseScriptingObjects (0ms)
			CreateAndSetChildDomain (128ms)
		EndReloadAssembly (575ms)
			LoadAssemblies (60ms)
			RebuildTransferFunctionScriptingTraits (0ms)
			SetupTypeCache (162ms)
				TypeCache.Initialize (158ms)
					TypeCache.ScanAssembly (155ms)
				ResolveRequiredComponents (3ms)
			ReleaseScriptCaches (0ms)
			RebuildScriptCaches (41ms)
			SetupLoadedEditorAssemblies (273ms)
				LogAssemblyErrors (0ms)
				InitializePlatformSupportModulesInManaged (12ms)
				SetLoadedEditorAssemblies (5ms)
				RefreshPlugins (0ms)
				BeforeProcessingInitializeOnLoad (47ms)
				ProcessInitializeOnLoadAttributes (176ms)
				ProcessInitializeOnLoadMethodAttributes (27ms)
				AfterProcessingInitializeOnLoad (6ms)
				EditorAssembliesLoaded (0ms)
			ExecutionOrderSort2 (0ms)
			AwakeInstancesAfterBackupRestoration (5ms)
Platform modules already initialized, skipping
========================================================================
Worker process is ready to serve import requests
Launched and connected shader compiler UnityShaderCompiler.exe after 0.04 seconds
Refreshing native plugins compatible for Editor in 0.39 ms, found 2 plugins.
Preloading 0 native plugins for Editor in 0.00 ms.
Unloading 2406 Unused Serialized files (Serialized files now loaded: 0)
Unloading 26 unused Assets / (97.3 KB). Loaded Objects now: 2884.
Memory consumption went from 392.1 MB to 392.0 MB.
Total: 3.153200 ms (FindLiveObjects: 0.293100 ms CreateObjectMapping: 0.183800 ms MarkObjects: 2.577000 ms  DeleteObjects: 0.098200 ms)

AssetImportParameters requested are different than current active one (requested -> active):
  custom:video-decoder-ogg-theora: a1e56fd34408186e4bbccfd4996cb3dc -> 
  custom:container-muxer-webm: aa71ff27fc2769a1b78a27578f13a17b -> 
  custom:container-demuxer-webm: 4f35f7cbe854078d1ac9338744f61a02 -> 
  custom:video-encoder-webm-vp8: eb34c28f22e8b96e1ab97ce403110664 -> 
  custom:audio-encoder-webm-vorbis: bf7c407c2cedff20999df2af8eb42d56 -> 
  custom:framework-win-MediaFoundation: 216162199b28c13a410421893ffa2e32 -> 
  custom:container-demuxer-ogg: 62fdf1f143b41e24485cea50d1cbac27 -> 
  custom:video-decoder-webm-vp8: 9c59270c3fd7afecdb556c50c9e8de78 -> 
  custom:audio-decoder-ogg-vorbis: bf7c407c2cedff20999df2af8eb42d56 -> 
========================================================================
Received Import Request.
  Time since last request: 12925.052609 seconds.
  path: Assets/Materials/Gun.mat
  artifactKey: Guid(7ec59397da485d344beb3cd979dd8130) Importer(815301076,1909f56bfc062723c751e8b465ee728b)
Start importing Assets/Materials/Gun.mat using Guid(7ec59397da485d344beb3cd979dd8130) Importer(815301076,1909f56bfc062723c751e8b465ee728b)  -> (artifact id: 'd616ebefebd11511ee0df41d9a6c8070') in 0.439203 seconds 
========================================================================
Received Import Request.
  Time since last request: 13.797143 seconds.
  path: Assets/Character/Animations/Ch15_nonPBR@Jog Strafe Left.fbx
  artifactKey: Guid(1cc54621dc458a64585efc44fe1e9e7f) Importer(815301076,1909f56bfc062723c751e8b465ee728b)
Start importing Assets/Character/Animations/Ch15_nonPBR@Jog Strafe Left.fbx using Guid(1cc54621dc458a64585efc44fe1e9e7f) Importer(815301076,1909f56bfc062723c751e8b465ee728b)  -> (artifact id: '53d421a71f048d8229d11179339dd05a') in 0.033531 seconds 
========================================================================
Received Import Request.
  Time since last request: 0.820101 seconds.
  path: Assets/Character/Materials/Ch15_body1.mat
  artifactKey: Guid(412aace6a2d7e0544b9de4aa7515c49b) Importer(815301076,1909f56bfc062723c751e8b465ee728b)
Start importing Assets/Character/Materials/Ch15_body1.mat using Guid(412aace6a2d7e0544b9de4aa7515c49b) Importer(815301076,1909f56bfc062723c751e8b465ee728b)  -> (artifact id: 'f7bf4d949880a2f0662bab03b349d90e') in 0.170014 seconds 
========================================================================
Received Import Request.
  Time since last request: 0.949218 seconds.
  path: Assets/Character/Textures/Ch15_1001_Glossiness.png
  artifactKey: Guid(62947868a641af14aae17f64a10df211) Importer(815301076,1909f56bfc062723c751e8b465ee728b)
Start importing Assets/Character/Textures/Ch15_1001_Glossiness.png using Guid(62947868a641af14aae17f64a10df211) Importer(815301076,1909f56bfc062723c751e8b465ee728b)  -> (artifact id: 'e4f1d1e9f6764898174df4495105c18e') in 0.024377 seconds 
========================================================================
Received Import Request.
  Time since last request: 0.000018 seconds.
  path: Assets/Character/Textures/Ch15_1002_Emissive.png
  artifactKey: Guid(561511dba8bd2ab4f9cc76bf76cd0797) Importer(815301076,1909f56bfc062723c751e8b465ee728b)
Start importing Assets/Character/Textures/Ch15_1002_Emissive.png using Guid(561511dba8bd2ab4f9cc76bf76cd0797) Importer(815301076,1909f56bfc062723c751e8b465ee728b)  -> (artifact id: 'a6a4916065b9060f542b303da915ce3b') in 0.009571 seconds 
========================================================================
Received Import Request.
  Time since last request: 0.000031 seconds.
  path: Assets/Character/Textures/Ch15_1001_Specular.png
  artifactKey: Guid(4ca3bcd1c05f1a14a84892612577b7f8) Importer(815301076,1909f56bfc062723c751e8b465ee728b)
Start importing Assets/Character/Textures/Ch15_1001_Specular.png using Guid(4ca3bcd1c05f1a14a84892612577b7f8) Importer(815301076,1909f56bfc062723c751e8b465ee728b)  -> (artifact id: '9df764e3f273e2f69e412b463751ceb1') in 0.008250 seconds 
========================================================================
Received Import Request.
  Time since last request: 0.000017 seconds.
  path: Assets/Character/Textures/Ch15_1002_Normal.png
  artifactKey: Guid(0e10190aa84161f4b8e1a8343460d613) Importer(815301076,1909f56bfc062723c751e8b465ee728b)
Start importing Assets/Character/Textures/Ch15_1002_Normal.png using Guid(0e10190aa84161f4b8e1a8343460d613) Importer(815301076,1909f56bfc062723c751e8b465ee728b)  -> (artifact id: '1080c50a4bcf285d90c18e91c7151016') in 0.013015 seconds 
========================================================================
Received Import Request.
  Time since last request: 9.242862 seconds.
  path: Assets/Prefabs/Hot Trail.mat
  artifactKey: Guid(476aff1c990deed408034e650422291d) Importer(815301076,1909f56bfc062723c751e8b465ee728b)
Start importing Assets/Prefabs/Hot Trail.mat using Guid(476aff1c990deed408034e650422291d) Importer(815301076,1909f56bfc062723c751e8b465ee728b)  -> (artifact id: 'da9a11d05c9a339511f2e33bc030302f') in 0.184225 seconds 
========================================================================
Received Import Request.
  Time since last request: 42.847830 seconds.
  path: Assets/Sounds/reload.wav
  artifactKey: Guid(116e2442d9b7ca0448fa51e8e736acd0) Importer(815301076,1909f56bfc062723c751e8b465ee728b)
Start importing Assets/Sounds/reload.wav using Guid(116e2442d9b7ca0448fa51e8e736acd0) Importer(815301076,1909f56bfc062723c751e8b465ee728b)  -> (artifact id: '23995108840be373f238ceca77a20ede') in 0.035045 seconds 
========================================================================
Received Import Request.
  Time since last request: 3.435949 seconds.
  path: Assets/_TerrainAutoUpgrade/layer_GR_Moss1_ASGR_Moss1_N3d1cca0d6d0e9938.terrainlayer
  artifactKey: Guid(e1484442db536834db2c9c050df3c469) Importer(815301076,1909f56bfc062723c751e8b465ee728b)
Start importing Assets/_TerrainAutoUpgrade/layer_GR_Moss1_ASGR_Moss1_N3d1cca0d6d0e9938.terrainlayer using Guid(e1484442db536834db2c9c050df3c469) Importer(815301076,1909f56bfc062723c751e8b465ee728b)  -> (artifact id: '349ae974c3195af6f0219b40ad62e4c7') in 0.008227 seconds 
========================================================================
Received Import Request.
  Time since last request: 15.192152 seconds.
  path: Assets/Mirror/Examples/AdditiveScenes/Materials/Capsule.mat
  artifactKey: Guid(3ec90781e3720544da7fc86055e6cbe6) Importer(815301076,1909f56bfc062723c751e8b465ee728b)
Start importing Assets/Mirror/Examples/AdditiveScenes/Materials/Capsule.mat using Guid(3ec90781e3720544da7fc86055e6cbe6) Importer(815301076,1909f56bfc062723c751e8b465ee728b)  -> (artifact id: 'a165e36b75205c244714543d48570546') in 0.094959 seconds 
========================================================================
Received Import Request.
  Time since last request: 0.000019 seconds.
  path: Assets/Mirror/Examples/MultipleAdditiveScenes/Materials/Render/PlayArea.mat
  artifactKey: Guid(42fe0bcfbb65da3429ae2c289686e024) Importer(815301076,1909f56bfc062723c751e8b465ee728b)
Start importing Assets/Mirror/Examples/MultipleAdditiveScenes/Materials/Render/PlayArea.mat using Guid(42fe0bcfbb65da3429ae2c289686e024) Importer(815301076,1909f56bfc062723c751e8b465ee728b)  -> (artifact id: 'ea7fc1b217e92130fbc755c7fd0f8bee') in 0.092108 seconds 
========================================================================
Received Import Request.
  Time since last request: 0.000022 seconds.
  path: Assets/Mirror/Examples/Tanks/Models/(Public Domain) Recon_Tank/TankMaterial.mat
  artifactKey: Guid(2e67e42170aa64aa9a33424f8045ac89) Importer(815301076,1909f56bfc062723c751e8b465ee728b)
Start importing Assets/Mirror/Examples/Tanks/Models/(Public Domain) Recon_Tank/TankMaterial.mat using Guid(2e67e42170aa64aa9a33424f8045ac89) Importer(815301076,1909f56bfc062723c751e8b465ee728b)  -> (artifact id: '0b8417db8e059edd5bf26836a2009d2a') in 0.169470 seconds 
========================================================================
Received Import Request.
  Time since last request: 0.000018 seconds.
  path: Assets/Mirror/Examples/AdditiveLevels/Materials/Player.mat
  artifactKey: Guid(6b7039502d1528a4db29c4d43d159b01) Importer(815301076,1909f56bfc062723c751e8b465ee728b)
Start importing Assets/Mirror/Examples/AdditiveLevels/Materials/Player.mat using Guid(6b7039502d1528a4db29c4d43d159b01) Importer(815301076,1909f56bfc062723c751e8b465ee728b)  -> (artifact id: '93c1262b773cf76b23848da55964cd57') in 0.007562 seconds 
========================================================================
Received Import Request.
  Time since last request: 0.000015 seconds.
  path: Assets/Mirror/Examples/AdditiveScenes/Materials/Sphere.mat
  artifactKey: Guid(58936713efca1ec488624ee297b5d687) Importer(815301076,1909f56bfc062723c751e8b465ee728b)
Start importing Assets/Mirror/Examples/AdditiveScenes/Materials/Sphere.mat using Guid(58936713efca1ec488624ee297b5d687) Importer(815301076,1909f56bfc062723c751e8b465ee728b)  -> (artifact id: 'd76c21236c61e0242ac571d11bba7116') in 0.006850 seconds 
========================================================================
Received Import Request.
  Time since last request: 0.000023 seconds.
  path: Assets/multiplayer-fps-assets/Weapons/Sci-Fi Automatic/Sci-Fi Automatic.fbx
  artifactKey: Guid(0efb633d3e5a9ff4198a22122147e603) Importer(815301076,1909f56bfc062723c751e8b465ee728b)
Start importing Assets/multiplayer-fps-assets/Weapons/Sci-Fi Automatic/Sci-Fi Automatic.fbx using Guid(0efb633d3e5a9ff4198a22122147e603) Importer(815301076,1909f56bfc062723c751e8b465ee728b)  -> (artifact id: '6be7803cfe95d0e1c81d4a0bd78ed3af') in 0.050268 seconds 
========================================================================
Received Import Request.
  Time since last request: 0.000028 seconds.
  path: Packages/com.unity.probuilder/Content/Resources/Materials/VertexPickerHDRP.mat
  artifactKey: Guid(7d5c9fc287a2aa945a98203d41282923) Importer(815301076,1909f56bfc062723c751e8b465ee728b)
Start importing Packages/com.unity.probuilder/Content/Resources/Materials/VertexPickerHDRP.mat using Guid(7d5c9fc287a2aa945a98203d41282923) Importer(815301076,1909f56bfc062723c751e8b465ee728b)  -> (artifact id: 'f187e179380a4b214918b91f454e9cf0') in 0.007078 seconds 
========================================================================
Received Import Request.
  Time since last request: 0.000025 seconds.
  path: Assets/Ground textures pack/Dry ground/Materials/diffuse.mat
  artifactKey: Guid(55a52c694ba305d41b7a0f2839fd2087) Importer(815301076,1909f56bfc062723c751e8b465ee728b)
Start importing Assets/Ground textures pack/Dry ground/Materials/diffuse.mat using Guid(55a52c694ba305d41b7a0f2839fd2087) Importer(815301076,1909f56bfc062723c751e8b465ee728b)  -> (artifact id: 'fac193cc56204ea782ae08f0e986c0a8') in 0.129724 seconds 
========================================================================
Received Import Request.
  Time since last request: 0.000020 seconds.
  path: Assets/Tiling Material Pack_Free/Materials/Ground/Ground_010/Ground_010_Material.mat
  artifactKey: Guid(06b76aeaffbf4be49a3ce8d02f13a19d) Importer(815301076,1909f56bfc062723c751e8b465ee728b)
Start importing Assets/Tiling Material Pack_Free/Materials/Ground/Ground_010/Ground_010_Material.mat using Guid(06b76aeaffbf4be49a3ce8d02f13a19d) Importer(815301076,1909f56bfc062723c751e8b465ee728b)  -> (artifact id: '411474512f65fcb1da02aca9bb82a1e3') in 0.181406 seconds 
========================================================================
Received Import Request.
  Time since last request: 0.000021 seconds.
  path: Assets/GG-Textures/Textures/grass1/Materials/grass1_height.mat
  artifactKey: Guid(2de02017f94aa2547be7bbf87dc96fd6) Importer(815301076,1909f56bfc062723c751e8b465ee728b)
Start importing Assets/GG-Textures/Textures/grass1/Materials/grass1_height.mat using Guid(2de02017f94aa2547be7bbf87dc96fd6) Importer(815301076,1909f56bfc062723c751e8b465ee728b)  -> (artifact id: '9c5e5110724063762491c4633fd485fa') in 0.007942 seconds 
========================================================================
Received Import Request.
  Time since last request: 0.000038 seconds.
  path: Packages/com.unity.probuilder/Content/Resources/Materials/InvisibleFace.mat
  artifactKey: Guid(978bbcf5050244f1b95128c04103f628) Importer(815301076,1909f56bfc062723c751e8b465ee728b)
Start importing Packages/com.unity.probuilder/Content/Resources/Materials/InvisibleFace.mat using Guid(978bbcf5050244f1b95128c04103f628) Importer(815301076,1909f56bfc062723c751e8b465ee728b)  -> (artifact id: 'b4a389ce180f2ef47097e25427f582e9') in 0.007474 seconds 
========================================================================
Received Import Request.
  Time since last request: 0.000017 seconds.
  path: Assets/Tiling Material Pack_Free/Materials/Wall/Wall_002/Materials/Wall_002_Base_Color.mat
  artifactKey: Guid(21fcb0a5d31bdb8498c375f05d7e3ca3) Importer(815301076,1909f56bfc062723c751e8b465ee728b)
Start importing Assets/Tiling Material Pack_Free/Materials/Wall/Wall_002/Materials/Wall_002_Base_Color.mat using Guid(21fcb0a5d31bdb8498c375f05d7e3ca3) Importer(815301076,1909f56bfc062723c751e8b465ee728b)  -> (artifact id: '29431193fecf4d536fa10ba30528a150') in 0.007376 seconds 
========================================================================
Received Import Request.
  Time since last request: 0.000023 seconds.
  path: Packages/com.unity.probuilder/Content/Resources/Materials/Trigger.mat
  artifactKey: Guid(a1e97cbf2538241b691aae8243b5fb10) Importer(815301076,1909f56bfc062723c751e8b465ee728b)
Start importing Packages/com.unity.probuilder/Content/Resources/Materials/Trigger.mat using Guid(a1e97cbf2538241b691aae8243b5fb10) Importer(815301076,1909f56bfc062723c751e8b465ee728b)  -> (artifact id: 'e256c646adb5e36b326fcb14b147b711') in 0.024636 seconds 
========================================================================
Received Import Request.
  Time since last request: 0.000018 seconds.
  path: Assets/Mirror/Examples/AdditiveLevels/Materials/Skybox.mat
  artifactKey: Guid(81f714daf7144784b8a2f42f1cd30927) Importer(815301076,1909f56bfc062723c751e8b465ee728b)
Start importing Assets/Mirror/Examples/AdditiveLevels/Materials/Skybox.mat using Guid(81f714daf7144784b8a2f42f1cd30927) Importer(815301076,1909f56bfc062723c751e8b465ee728b)  -> (artifact id: '9e1694c2c9d7000e5c971d5f9888ed22') in 0.119879 seconds 
========================================================================
Received Import Request.
  Time since last request: 0.000014 seconds.
  path: Assets/Standard Assets/FlareParticle/Materials/ParticleSmokeWhite.mat
  artifactKey: Guid(c50d77affeb31e14c9c062c282f13fc8) Importer(815301076,1909f56bfc062723c751e8b465ee728b)
Start importing Assets/Standard Assets/FlareParticle/Materials/ParticleSmokeWhite.mat using Guid(c50d77affeb31e14c9c062c282f13fc8) Importer(815301076,1909f56bfc062723c751e8b465ee728b)  -> (artifact id: '201c48aaa07e2eab5b88df47f5ef2f6c') in 0.025941 seconds 
========================================================================
Received Import Request.
  Time since last request: 0.000018 seconds.
  path: Assets/Ground textures pack/Grass 02/Materials/diffuse.mat
  artifactKey: Guid(e785def9cec62fc428f81cfcd3bba9db) Importer(815301076,1909f56bfc062723c751e8b465ee728b)
Start importing Assets/Ground textures pack/Grass 02/Materials/diffuse.mat using Guid(e785def9cec62fc428f81cfcd3bba9db) Importer(815301076,1909f56bfc062723c751e8b465ee728b)  -> (artifact id: 'fc7d1928d30a2e2263759315d5b8198d') in 0.100871 seconds 
========================================================================
Received Import Request.
  Time since last request: 0.000016 seconds.
  path: Assets/Ground textures pack/Grass & dead leafs 02/Materials/diffuse.mat
  artifactKey: Guid(8fb72f4ed483cb246a94bcc73f10df54) Importer(815301076,1909f56bfc062723c751e8b465ee728b)
Start importing Assets/Ground textures pack/Grass & dead leafs 02/Materials/diffuse.mat using Guid(8fb72f4ed483cb246a94bcc73f10df54) Importer(815301076,1909f56bfc062723c751e8b465ee728b)  -> (artifact id: '7911bbb71863844e087884d333d88b04') in 0.008319 seconds 
========================================================================
Received Import Request.
  Time since last request: 0.000034 seconds.
  path: Assets/Mirror/Examples/Room/Materials/Player.mat
  artifactKey: Guid(ac64a68d9ea8fa9459ff2f158065c1d0) Importer(815301076,1909f56bfc062723c751e8b465ee728b)
Start importing Assets/Mirror/Examples/Room/Materials/Player.mat using Guid(ac64a68d9ea8fa9459ff2f158065c1d0) Importer(815301076,1909f56bfc062723c751e8b465ee728b)  -> (artifact id: '6632397ace127d47fa7216b371b76949') in 0.006478 seconds 
========================================================================
Received Import Request.
  Time since last request: 0.000020 seconds.
  path: Assets/Mirror/Examples/MultipleAdditiveScenes/Materials/Render/Prize.mat
  artifactKey: Guid(2becd2014627a774e9e8f668f281f1d2) Importer(815301076,1909f56bfc062723c751e8b465ee728b)
Start importing Assets/Mirror/Examples/MultipleAdditiveScenes/Materials/Render/Prize.mat using Guid(2becd2014627a774e9e8f668f281f1d2) Importer(815301076,1909f56bfc062723c751e8b465ee728b)  -> (artifact id: 'f9c625f7a7a1e82eb4a3bf46e8575b53') in 0.008366 seconds 
========================================================================
Received Import Request.
  Time since last request: 0.000019 seconds.
  path: Assets/Ground textures pack/Grass 02/Materials/normal.mat
  artifactKey: Guid(3cb9fa768bd8d5447a81fd38b6de43b4) Importer(815301076,1909f56bfc062723c751e8b465ee728b)
Start importing Assets/Ground textures pack/Grass 02/Materials/normal.mat using Guid(3cb9fa768bd8d5447a81fd38b6de43b4) Importer(815301076,1909f56bfc062723c751e8b465ee728b)  -> (artifact id: '973eec81cb022afe416c606c2f0b53e4') in 0.009692 seconds 
========================================================================
Received Import Request.
  Time since last request: 0.000015 seconds.
  path: Assets/multiplayer-fps-assets/TriRevolver/Materials/M_Tri-Revolver.mat
  artifactKey: Guid(08bc8d68ad6ed244eaa09dd7e8e18118) Importer(815301076,1909f56bfc062723c751e8b465ee728b)
Start importing Assets/multiplayer-fps-assets/TriRevolver/Materials/M_Tri-Revolver.mat using Guid(08bc8d68ad6ed244eaa09dd7e8e18118) Importer(815301076,1909f56bfc062723c751e8b465ee728b)  -> (artifact id: '39c7647772bf66f8d7cb6651f5fd8d50') in 0.267760 seconds 
========================================================================
Received Import Request.
  Time since last request: 3.611548 seconds.
  path: Assets/Tiling Material Pack_Free/Model/rock_03.obj
  artifactKey: Guid(48113ca9c1e082746abc60cee56dd395) Importer(815301076,1909f56bfc062723c751e8b465ee728b)
Start importing Assets/Tiling Material Pack_Free/Model/rock_03.obj using Guid(48113ca9c1e082746abc60cee56dd395) Importer(815301076,1909f56bfc062723c751e8b465ee728b)  -> (artifact id: '291153daabfe6721841e00df9924c816') in 0.019377 seconds 
========================================================================
Received Import Request.
  Time since last request: 0.000015 seconds.
  path: Assets/Tiling Material Pack_Free/Model/rock_07.obj
  artifactKey: Guid(8c4d454b96e8c0c49a07a37453ef6ec3) Importer(815301076,1909f56bfc062723c751e8b465ee728b)
Start importing Assets/Tiling Material Pack_Free/Model/rock_07.obj using Guid(8c4d454b96e8c0c49a07a37453ef6ec3) Importer(815301076,1909f56bfc062723c751e8b465ee728b)  -> (artifact id: '44d845e4e4ea3b6047c84753341b1d26') in 0.055220 seconds 
Editor requested this worker to shutdown with reason: Scaling down because of idle timeout
AssetImportWorker is now disconnected from the server
Process exiting
Exiting without the bug reporter. Application will terminate with return code 0